<?xml version="1.0" encoding="UTF-8"?>
<!-- Generated by org.testng.reporters.JUnitReportReporter -->
<testsuite skipped="0" hostname="AK-DESKTOP-407JR70" name="training.TestNgSample" tests="4" failures="0" timestamp="2020-09-28T18:07:45 IST" time="15.992" errors="0">
  <testcase name="multiplytest" time="0.000" classname="training.TestNgSample"/>
  <system-out/>
  <testcase name="validate" time="15.989" classname="training.TestNgSample"/>
  <system-out/>
  <testcase name="checktest" time="0.000" classname="training.TestNgSample"/>
  <system-out/>
  <testcase name="addtest" time="0.003" classname="training.TestNgSample"/>
  <system-out/>
</testsuite> <!-- training.TestNgSample -->
